<?xml version="1.0" encoding="UTF-8"?>
<!-- Generated by org.testng.reporters.JUnitReportReporter -->
<testsuite hostname="ojas-dl429" failures="0" tests="1" name="Test.CreateReports" time="5.619" errors="0" timestamp="2024-04-17T16:49:36 IST" skipped="0">
  <testcase classname="Test.CreateReports" name="testReports" time="5.619"/>
  <system-out/>
</testsuite> <!-- Test.CreateReports -->
