<?xml version="1.0" encoding="UTF-8"?>
<!-- Generated by org.testng.reporters.JUnitReportReporter -->
<testsuite hostname="ojas-dl429" failures="0" tests="1" name="com.testcases.login_test" time="4.149" errors="0" timestamp="2024-04-03T11:45:17 IST" skipped="0">
  <testcase classname="com.testcases.login_test" name="LoginTest" time="4.149"/>
</testsuite> <!-- com.testcases.login_test -->
