<?xml version="1.0" encoding="UTF-8"?>
<!-- Generated by org.testng.reporters.JUnitReportReporter -->
<testsuite hostname="ojas-dl429" failures="0" tests="10" name="com.pageobject.test" time="0.018" errors="0" timestamp="2024-04-04T15:11:47 IST" skipped="0">
  <testcase classname="com.pageobject.test" name="test22" time="0.001"/>
  <testcase classname="com.pageobject.test" name="test223" time="0.001"/>
  <testcase classname="com.pageobject.test" name="test223" time="0.001"/>
  <testcase classname="com.pageobject.test" name="test22" time="0.001"/>
  <testcase classname="com.pageobject.test" name="test22" time="0.008"/>
  <testcase classname="com.pageobject.test" name="test22" time="0.001"/>
  <testcase classname="com.pageobject.test" name="test223" time="0.001"/>
  <testcase classname="com.pageobject.test" name="test22" time="0.001"/>
  <testcase classname="com.pageobject.test" name="test223" time="0.002"/>
  <testcase classname="com.pageobject.test" name="test223" time="0.001"/>
</testsuite> <!-- com.pageobject.test -->
