<?xml version="1.0" encoding="UTF-8"?>
<!-- Generated by org.testng.reporters.JUnitReportReporter -->
<testsuite hostname="ojas-dl429" failures="0" tests="1" name="com.testcases.Add_JDBC_test" time="9.058" errors="0" timestamp="2024-04-17T10:24:39 IST" skipped="0">
  <testcase classname="com.testcases.Add_JDBC_test" name="newApp" time="9.058"/>
</testsuite> <!-- com.testcases.Add_JDBC_test -->
