<?xml version="1.0" encoding="UTF-8"?>
<!-- Generated by org.testng.reporters.JUnitReportReporter -->
<testsuite hostname="ojas-dl429" failures="0" tests="1" name="com.utilities.debug_mode" time="4.010" errors="0" timestamp="2024-04-17T10:55:06 IST" skipped="0">
  <testcase classname="com.utilities.debug_mode" name="setup" time="4.010"/>
</testsuite> <!-- com.utilities.debug_mode -->
