<?xml version="1.0" encoding="UTF-8"?>
<!-- Generated by org.testng.reporters.JUnitReportReporter -->
<testsuite hostname="ojas-dl429" failures="0" tests="2" name="com.testcases.debug_mode" time="30.343" errors="0" timestamp="2024-04-19T12:31:03 IST" skipped="0">
  <testcase classname="com.testcases.debug_mode" name="test_debug" time="11.028"/>
  <testcase classname="com.testcases.debug_mode" name="setup" time="19.315"/>
</testsuite> <!-- com.testcases.debug_mode -->
