<?xml version="1.0" encoding="UTF-8"?>
<!-- Generated by org.testng.reporters.JUnitReportReporter -->
<testsuite skipped="0" hostname="ojas-dl429" name="com.testcases.Global_test" tests="1" failures="0" timestamp="2024-04-18T16:14:17 IST" time="16.172" errors="0">
  <testcase name="set" time="16.172" classname="com.testcases.Global_test"/>
  <system-out/>
</testsuite> <!-- com.testcases.Global_test -->
